[2022-07-12 08:36:03,722: INFO: stage_01_prepare_data]: 
********************
[2022-07-12 08:36:03,722: INFO: stage_01_prepare_data]: >>>>> stage Prepare data started <<<<<
[2022-07-12 08:36:03,725: INFO: common]: yaml file: configs/config.yaml loaded successfully
[2022-07-12 08:36:03,727: INFO: common]: yaml file: params.yaml loaded successfully
[2022-07-12 08:36:03,727: INFO: common]: created directory at: artifacts\prepared
[2022-07-12 08:36:03,738: ERROR: stage_01_prepare_data]: name 'process_posts' is not defined
Traceback (most recent call last):
  File "src/stage_01_prepare_data.py", line 56, in <module>
    main(config_path=parsed_args.config, params_path=parsed_args.params)
  File "src/stage_01_prepare_data.py", line 45, in main
    process_posts(fd_in, fd_out_train, fd_out_test, tag, split)
NameError: name 'process_posts' is not defined
[2022-07-12 08:43:23,419: INFO: stage_01_prepare_data]: 
********************
[2022-07-12 08:43:23,419: INFO: stage_01_prepare_data]: >>>>> stage Prepare_data started <<<<<
[2022-07-12 08:43:23,422: INFO: common]: yaml file: configs/config.yaml loaded successfully
[2022-07-12 08:43:23,424: INFO: common]: yaml file: params.yaml loaded successfully
[2022-07-12 08:43:23,424: INFO: common]: created directory at: artifacts\prepared
[2022-07-12 08:43:27,535: INFO: stage_01_prepare_data]: >>>>> stage Prepare_data completed!<<<<<

